<?xml version="1.0" encoding="UTF-8"?>
<!-- Generated by org.testng.reporters.JUnitXMLReporter -->
<testsuite hostname="DESKTOP-9GU8BET" ignored="0" name="ItMagnet" tests="1" failures="1" timestamp="2020-10-21T18:13:34 BDT" time="26.236" errors="0">
  <testcase name="loginTest" time="11.742" classname="com.itm.TestCases.TC_LoginTest_001">
    <failure type="org.openqa.selenium.ElementNotInteractableException" message="element not interactable
  (Session info: chrome=86.0.4240.75)
Build info: version: &amp;apos;4.0.0-alpha-4&amp;apos;, revision: &amp;apos;c2d955b49e&amp;apos;
System info: host: &amp;apos;DESKTOP-9GU8BET&amp;apos;, ip: &amp;apos;192.168.0.107&amp;apos;, os.name: &amp;apos;Windows 10&amp;apos;, os.arch: &amp;apos;amd64&amp;apos;, os.version: &amp;apos;10.0&amp;apos;, java.version: &amp;apos;1.8.0_121&amp;apos;
Driver info: org.openqa.selenium.chrome.ChromeDriver
Capabilities {acceptInsecureCerts: false, browserName: chrome, browserVersion: 86.0.4240.75, chrome: {chromedriverVersion: 85.0.4183.87 (cd6713ebf92fa..., userDataDir: C:\Users\88016\AppData\Loca...}, goog:chromeOptions: {debuggerAddress: localhost:59222}, javascriptEnabled: true, networkConnectionEnabled: false, pageLoadStrategy: normal, platform: WINDOWS, platformName: WINDOWS, proxy: Proxy(), setWindowRect: true, strictFileInteractability: false, timeouts: {implicit: 0, pageLoad: 300000, script: 30000}, unhandledPromptBehavior: dismiss and notify, webauthn:virtualAuthenticators: true}
Session ID: 4fdb459a65a9f1db4a48e14cb40afc49">
      <![CDATA[org.openqa.selenium.ElementNotInteractableException: element not interactable
  (Session info: chrome=86.0.4240.75)
Build info: version: '4.0.0-alpha-4', revision: 'c2d955b49e'
System info: host: 'DESKTOP-9GU8BET', ip: '192.168.0.107', os.name: 'Windows 10', os.arch: 'amd64', os.version: '10.0', java.version: '1.8.0_121'
Driver info: org.openqa.selenium.chrome.ChromeDriver
Capabilities {acceptInsecureCerts: false, browserName: chrome, browserVersion: 86.0.4240.75, chrome: {chromedriverVersion: 85.0.4183.87 (cd6713ebf92fa..., userDataDir: C:\Users\88016\AppData\Loca...}, goog:chromeOptions: {debuggerAddress: localhost:59222}, javascriptEnabled: true, networkConnectionEnabled: false, pageLoadStrategy: normal, platform: WINDOWS, platformName: WINDOWS, proxy: Proxy(), setWindowRect: true, strictFileInteractability: false, timeouts: {implicit: 0, pageLoad: 300000, script: 30000}, unhandledPromptBehavior: dismiss and notify, webauthn:virtualAuthenticators: true}
Session ID: 4fdb459a65a9f1db4a48e14cb40afc49
at org.openqa.selenium.remote.codec.w3c.W3CHttpResponseCodec.createException(W3CHttpResponseCodec.java:196)
at org.openqa.selenium.remote.codec.w3c.W3CHttpResponseCodec.decode(W3CHttpResponseCodec.java:129)
at org.openqa.selenium.remote.codec.w3c.W3CHttpResponseCodec.decode(W3CHttpResponseCodec.java:53)
at org.openqa.selenium.remote.HttpCommandExecutor.execute(HttpCommandExecutor.java:161)
at org.openqa.selenium.remote.service.DriverCommandExecutor.execute(DriverCommandExecutor.java:83)
at org.openqa.selenium.remote.RemoteWebDriver.execute(RemoteWebDriver.java:582)
at org.openqa.selenium.remote.RemoteWebElement.execute(RemoteWebElement.java:316)
at org.openqa.selenium.remote.RemoteWebElement.sendKeys(RemoteWebElement.java:115)
at org.openqa.selenium.support.pagefactory.internal.LocatingElementHandler.invoke(LocatingElementHandler.java:52)
at com.sun.proxy.$Proxy15.sendKeys(Unknown Source)
at com.itm.PageObjects.LoginPage.setPassword(LoginPage.java:50)
at com.itm.TestCases.TC_LoginTest_001.loginTest(TC_LoginTest_001.java:19)
at java.util.ArrayList.forEach(ArrayList.java:1249)
... Removed 35 stack frames]]>
    </failure>
  </testcase> <!-- loginTest -->
</testsuite> <!-- ItMagnet -->
